<?xml version="1.0" encoding="UTF-8" ?>
<testsuite tests="14" failures="1" name="DTO.SanPhamDTOTest" time="0.037" errors="0" skipped="0">
  <properties>
[...]
</properties>
  <testcase classname="DTO.SanPhamDTOTest" name="DTO.SanPhamDTOTest.testSetMaLoai" time="0.004"/>
  <testcase classname="DTO.SanPhamDTOTest" name="DTO.SanPhamDTOTest.testSetMaNSX" time="0"/>
  <testcase classname="DTO.SanPhamDTOTest" name="DTO.SanPhamDTOTest.testGetMaSP" time="0"/>
  <testcase classname="DTO.SanPhamDTOTest" name="DTO.SanPhamDTOTest.testSetMaSP" time="0"/>
  <testcase classname="DTO.SanPhamDTOTest" name="DTO.SanPhamDTOTest.testGetMaLoai" time="0"/>
  <testcase classname="DTO.SanPhamDTOTest" name="DTO.SanPhamDTOTest.testGetTenSP" time="0"/>
  <testcase classname="DTO.SanPhamDTOTest" name="DTO.SanPhamDTOTest.testGetMaNSX" time="0"/>
  <testcase classname="DTO.SanPhamDTOTest" name="DTO.SanPhamDTOTest.testSetTenSP" time="0"/>
  <testcase classname="DTO.SanPhamDTOTest" name="DTO.SanPhamDTOTest.testGetDonGia" time="0"/>
  <testcase classname="DTO.SanPhamDTOTest" name="DTO.SanPhamDTOTest.testSetDonGia" time="0"/>
  <testcase classname="DTO.SanPhamDTOTest" name="DTO.SanPhamDTOTest.testGetSoLuong" time="0"/>
  <testcase classname="DTO.SanPhamDTOTest" name="DTO.SanPhamDTOTest.testSetSoLuong" time="0"/>
  <testcase classname="DTO.SanPhamDTOTest" name="DTO.SanPhamDTOTest.testSetSoLuongNegative" time="0.002"/>
  <testcase classname="DTO.SanPhamDTOTest" name="DTO.SanPhamDTOTest.testSetDonGiaNegative" time="0.031">
    <failure message="Expected java.lang.Exception to be thrown, but nothing was thrown." type="org.opentest4j.AssertionFailedError">org.opentest4j.AssertionFailedError: Expected java.lang.Exception to be thrown, but nothing was thrown.
	at org.junit.jupiter.api.AssertThrows.assertThrows(AssertThrows.java:71)
	at org.junit.jupiter.api.AssertThrows.assertThrows(AssertThrows.java:37)
	at org.junit.jupiter.api.Assertions.assertThrows(Assertions.java:2952)
	at DTO.SanPhamDTOTest.testSetDonGiaNegative(SanPhamDTOTest.java:189)
</failure>
  </testcase>
</testsuite>