<?xml version="1.0" encoding="UTF-8" ?>
<testsuite tests="6" failures="6" name="DTO.TaikhoanDTOTest" time="0" errors="0" skipped="0">
  <properties>
[...]
</properties>
  <testcase classname="DTO.TaikhoanDTOTest" name="DTO.TaikhoanDTOTest.testSetRole" time="0">
    <failure message="The test case is a prototype." type="org.opentest4j.AssertionFailedError">org.opentest4j.AssertionFailedError: The test case is a prototype.
	at org.junit.jupiter.api.AssertionUtils.fail(AssertionUtils.java:39)
	at org.junit.jupiter.api.Assertions.fail(Assertions.java:109)
	at DTO.TaikhoanDTOTest.testSetRole(TaikhoanDTOTest.java:92)
</failure>
    <system-out>setRole
</system-out>
  </testcase>
  <testcase classname="DTO.TaikhoanDTOTest" name="DTO.TaikhoanDTOTest.testGetPassword" time="0">
    <failure message="The test case is a prototype." type="org.opentest4j.AssertionFailedError">org.opentest4j.AssertionFailedError: The test case is a prototype.
	at org.junit.jupiter.api.AssertionUtils.fail(AssertionUtils.java:39)
	at org.junit.jupiter.api.Assertions.fail(Assertions.java:109)
	at DTO.TaikhoanDTOTest.testGetPassword(TaikhoanDTOTest.java:79)
</failure>
    <system-out>getPassword
</system-out>
  </testcase>
  <testcase classname="DTO.TaikhoanDTOTest" name="DTO.TaikhoanDTOTest.testGetRole" time="0">
    <failure message="The test case is a prototype." type="org.opentest4j.AssertionFailedError">org.opentest4j.AssertionFailedError: The test case is a prototype.
	at org.junit.jupiter.api.AssertionUtils.fail(AssertionUtils.java:39)
	at org.junit.jupiter.api.Assertions.fail(Assertions.java:109)
	at DTO.TaikhoanDTOTest.testGetRole(TaikhoanDTOTest.java:51)
</failure>
    <system-out>getRole
</system-out>
  </testcase>
  <testcase classname="DTO.TaikhoanDTOTest" name="DTO.TaikhoanDTOTest.testSetPassword" time="0">
    <failure message="The test case is a prototype." type="org.opentest4j.AssertionFailedError">org.opentest4j.AssertionFailedError: The test case is a prototype.
	at org.junit.jupiter.api.AssertionUtils.fail(AssertionUtils.java:39)
	at org.junit.jupiter.api.Assertions.fail(Assertions.java:109)
	at DTO.TaikhoanDTOTest.testSetPassword(TaikhoanDTOTest.java:118)
</failure>
    <system-out>setPassword
</system-out>
  </testcase>
  <testcase classname="DTO.TaikhoanDTOTest" name="DTO.TaikhoanDTOTest.testGetMaTK" time="0">
    <failure message="The test case is a prototype." type="org.opentest4j.AssertionFailedError">org.opentest4j.AssertionFailedError: The test case is a prototype.
	at org.junit.jupiter.api.AssertionUtils.fail(AssertionUtils.java:39)
	at org.junit.jupiter.api.Assertions.fail(Assertions.java:109)
	at DTO.TaikhoanDTOTest.testGetMaTK(TaikhoanDTOTest.java:65)
</failure>
    <system-out>getMaTK
</system-out>
  </testcase>
  <testcase classname="DTO.TaikhoanDTOTest" name="DTO.TaikhoanDTOTest.testSetMaTK" time="0">
    <failure message="The test case is a prototype." type="org.opentest4j.AssertionFailedError">org.opentest4j.AssertionFailedError: The test case is a prototype.
	at org.junit.jupiter.api.AssertionUtils.fail(AssertionUtils.java:39)
	at org.junit.jupiter.api.Assertions.fail(Assertions.java:109)
	at DTO.TaikhoanDTOTest.testSetMaTK(TaikhoanDTOTest.java:105)
</failure>
    <system-out>setMaTK
</system-out>
  </testcase>
</testsuite>